0 info it worked if it ends with ok
1 verbose cli [ '/usr/local/bin/node',
1 verbose cli   '/usr/local/bin/npm',
1 verbose cli   'search',
1 verbose cli   'font-awesome' ]
2 info using npm@3.10.3
3 info using node@v6.3.1
4 silly mapToRegistry name -/all
5 silly mapToRegistry using default registry
6 silly mapToRegistry registry https://registry.npmjs.org/
7 silly mapToRegistry data Result {
7 silly mapToRegistry   raw: '-/all',
7 silly mapToRegistry   scope: null,
7 silly mapToRegistry   escapedName: null,
7 silly mapToRegistry   name: null,
7 silly mapToRegistry   rawSpec: '-/all',
7 silly mapToRegistry   spec: '-/all',
7 silly mapToRegistry   type: 'local' }
8 silly mapToRegistry uri https://registry.npmjs.org/-/all
9 info updateIndex /Users/palash/.npm/registry.npmjs.org/-/all/.cache.json
10 verbose correctMkdir /Users/palash/.npm correctMkdir not in flight; initializing
11 verbose stack TypeError: Cannot read property '_updated' of undefined
11 verbose stack     at /usr/local/lib/node_modules/npm/lib/cache/update-index.js:61:26
11 verbose stack     at /usr/local/lib/node_modules/npm/node_modules/graceful-fs/polyfills.js:210:7
11 verbose stack     at FSReqWrap.oncomplete (fs.js:123:15)
12 verbose cwd /Users/palash/Dev/remix
13 error Darwin 15.6.0
14 error argv "/usr/local/bin/node" "/usr/local/bin/npm" "search" "font-awesome"
15 error node v6.3.1
16 error npm  v3.10.3
17 error Cannot read property '_updated' of undefined
18 error If you need help, you may report this error at:
18 error     <https://github.com/npm/npm/issues>
19 verbose exit [ 1, true ]
